<?xml version="1.0" encoding="UTF-8"?>
<!-- Generated by org.testng.reporters.JUnitXMLReporter -->
<testsuite ignored="0" hostname="L843" failures="1" tests="1" name="Test" time="15.326" errors="0" timestamp="2022-09-28T17:37:33 IST">
  <testcase classname="Tests.SignInTest" name="login" time="2.352">
    <failure type="java.lang.AssertionError" message="expected [Addresses Book] but found [Address Book]">
      <![CDATA[java.lang.AssertionError: expected [Addresses Book] but found [Address Book]
at Tests.SignInTest.login(SignInTest.java:30)
at java.base/java.util.ArrayList.forEach(ArrayList.java:1541)
... Removed 33 stack frames]]>
    </failure>
  </testcase> <!-- login -->
</testsuite> <!-- Test -->
